[0.031s] Invoking command in '/home/minha/myagv_ros2/myagv_ros2/build/myagv_cartographer': CONDA_PROMPT_MODIFIER=(adaface) /home/minha/anaconda3/envs/adaface/bin/cmake /home/minha/myagv_ros2/myagv_ros2/src/myagv_cartographer -DCMAKE_INSTALL_PREFIX=/home/minha/myagv_ros2/myagv_ros2/install/myagv_cartographer
[0.091s] -- Found ament_cmake: 1.3.8 (/opt/ros/humble/share/ament_cmake/cmake)
[0.181s] -- Found ament_lint_auto: 0.12.10 (/opt/ros/humble/share/ament_lint_auto/cmake)
[0.243s] Error parsing '/home/minha/myagv_ros2/myagv_ros2/src/myagv_cartographer/package.xml':
[0.243s] Traceback (most recent call last):
[0.243s]   File "/home/minha/anaconda3/envs/adaface/lib/python3.9/site-packages/catkin_pkg/package.py", line 610, in parse_package_string
[0.243s]     root = dom.parseString(data)
[0.243s]   File "/home/minha/anaconda3/envs/adaface/lib/python3.9/xml/dom/minidom.py", line 1998, in parseString
[0.243s]     return expatbuilder.parseString(string)
[0.244s]   File "/home/minha/anaconda3/envs/adaface/lib/python3.9/xml/dom/expatbuilder.py", line 925, in parseString
[0.244s]     return builder.parseString(string)
[0.244s]   File "/home/minha/anaconda3/envs/adaface/lib/python3.9/xml/dom/expatbuilder.py", line 223, in parseString
[0.244s]     parser.Parse(string, True)
[0.244s] xml.parsers.expat.ExpatError: mismatched tag: line 12, column 33
[0.244s] 
[0.244s] During handling of the above exception, another exception occurred:
[0.244s] 
[0.244s] Traceback (most recent call last):
[0.245s]   File "/opt/ros/humble/share/ament_cmake_core/cmake/core/package_xml_2_cmake.py", line 150, in <module>
[0.245s]     main()
[0.245s]   File "/opt/ros/humble/share/ament_cmake_core/cmake/core/package_xml_2_cmake.py", line 53, in main
[0.245s]     raise e
[0.245s]   File "/opt/ros/humble/share/ament_cmake_core/cmake/core/package_xml_2_cmake.py", line 49, in main
[0.245s]     package = parse_package_string(
[0.245s]   File "/home/minha/anaconda3/envs/adaface/lib/python3.9/site-packages/catkin_pkg/package.py", line 612, in parse_package_string
[0.245s]     raise InvalidPackage('The manifest contains invalid XML:\n%s' % ex, filename)
[0.245s] catkin_pkg.package.InvalidPackage: Error(s) in package '/home/minha/myagv_ros2/myagv_ros2/src/myagv_cartographer/package.xml':
[0.245s] The manifest contains invalid XML:
[0.245s] mismatched tag: line 12, column 33
[0.250s] [31mCMake Error at /opt/ros/humble/share/ament_cmake_core/cmake/core/ament_package_xml.cmake:95 (message):
[0.250s]   execute_process(/home/minha/anaconda3/envs/adaface/bin/python3
[0.250s]   /opt/ros/humble/share/ament_cmake_core/cmake/core/package_xml_2_cmake.py
[0.250s]   /home/minha/myagv_ros2/myagv_ros2/src/myagv_cartographer/package.xml
[0.250s]   /home/minha/myagv_ros2/myagv_ros2/build/myagv_cartographer/ament_cmake_core/package.cmake)
[0.250s]   returned error code 1
[0.250s] Call Stack (most recent call first):
[0.250s]   /opt/ros/humble/share/ament_cmake_core/cmake/core/ament_package_xml.cmake:49 (_ament_package_xml)
[0.250s]   /opt/ros/humble/share/ament_lint_auto/cmake/ament_lint_auto_find_test_dependencies.cmake:31 (ament_package_xml)
[0.251s]   CMakeLists.txt:26 (ament_lint_auto_find_test_dependencies)
[0.251s] 
[0.251s] [0m
[0.251s] -- Configuring incomplete, errors occurred!
[0.369s] Invoked command in '/home/minha/myagv_ros2/myagv_ros2/build/myagv_cartographer' returned '1': CONDA_PROMPT_MODIFIER=(adaface) /home/minha/anaconda3/envs/adaface/bin/cmake /home/minha/myagv_ros2/myagv_ros2/src/myagv_cartographer -DCMAKE_INSTALL_PREFIX=/home/minha/myagv_ros2/myagv_ros2/install/myagv_cartographer
